<?xml version="1.0" encoding="UTF-8"?>
<testng-results ignored="0" total="1" passed="1" failed="0" skipped="0">
  <reporter-output>
  </reporter-output>
  <suite started-at="2022-02-24T15:01:59 AEDT" name="Default suite" finished-at="2022-02-24T15:02:34 AEDT" duration-ms="34766">
    <groups>
    </groups>
    <test started-at="2022-02-24T15:01:59 AEDT" name="Default test" finished-at="2022-02-24T15:02:34 AEDT" duration-ms="34766">
      <class name="automationleavepom.ApplyLeaveandMyleavepom">
        <test-method is-config="true" signature="open()[pri:0, instance:automationleavepom.ApplyLeaveandMyleavepom@7b36aa0c]" started-at="2022-02-24T15:01:59 AEDT" name="open" finished-at="2022-02-24T15:02:12 AEDT" duration-ms="12982" status="PASS">
          <reporter-output>
          </reporter-output>
        </test-method> <!-- open -->
        <test-method signature="applyLeave(java.lang.String,java.lang.String,java.lang.String,java.lang.String)[pri:1, instance:automationleavepom.ApplyLeaveandMyleavepom@7b36aa0c]" started-at="2022-02-24T15:02:15 AEDT" name="applyLeave" data-provider="applypomleave" finished-at="2022-02-24T15:02:33 AEDT" duration-ms="18074" status="PASS">
          <params>
            <param index="0">
              <value>
                <![CDATA[Admin]]>
              </value>
            </param>
            <param index="1">
              <value>
                <![CDATA[admin123]]>
              </value>
            </param>
            <param index="2">
              <value>
                <![CDATA[2022-02-11]]>
              </value>
            </param>
            <param index="3">
              <value>
                <![CDATA[2022-02-25]]>
              </value>
            </param>
          </params>
          <reporter-output>
          </reporter-output>
        </test-method> <!-- applyLeave -->
        <test-method is-config="true" signature="close()[pri:0, instance:automationleavepom.ApplyLeaveandMyleavepom@7b36aa0c]" started-at="2022-02-24T15:02:33 AEDT" name="close" finished-at="2022-02-24T15:02:34 AEDT" duration-ms="582" status="PASS">
          <reporter-output>
          </reporter-output>
        </test-method> <!-- close -->
      </class> <!-- automationleavepom.ApplyLeaveandMyleavepom -->
    </test> <!-- Default test -->
  </suite> <!-- Default suite -->
</testng-results>
